<?xml version="1.0" encoding="UTF-8"?>
<!-- Generated by org.testng.reporters.JUnitReportReporter -->
<testsuite skipped="0" hostname="LT-36736" name="com.test.TestNGBasics" tests="1" failures="0" timestamp="26 Feb 2018 10:16:47 GMT" time="0.009" errors="0">
  <testcase name="Login" time="0.009" classname="com.test.TestNGBasics"/>
</testsuite> <!-- com.test.TestNGBasics -->
